<?xml version="1.0" encoding="UTF-8"?>
<!-- Generated by org.testng.reporters.JUnitXMLReporter -->
<testsuite ignored="0" hostname="DESKTOP-N8BIK59" failures="0" tests="8" name="Test" time="201.283" errors="0" timestamp="2025-06-25T15:32:27 IST">
  <testcase classname="Amazon_pacakge.Amazon_project.Test_1_Createnewuser" name="loginsuccesful" time="10.242"/>
  <testcase classname="Amazon_pacakge.Amazon_project.Test_2_Loginwithvaliddetails" name="sucsessfulloginwithrightdetails" time="5.614"/>
  <testcase classname="Amazon_pacakge.Amazon_project.Test_4_Execution_Editprofile" name="editprofile" time="13.195"/>
  <testcase classname="Amazon_pacakge.Amazon_project.Test_5_Execution_searchingproduct" name="addtocart" time="11.361"/>
  <testcase classname="Amazon_pacakge.Amazon_project.Tase_9_Addtocart" name="addtocart" time="17.981"/>
  <testcase classname="Amazon_pacakge.Amazon_project.Test_10_Updatequantity" name="addtocart" time="19.596"/>
  <testcase classname="Amazon_pacakge.Amazon_project.Test_11_addpayment" name="addpayment" time="20.877"/>
  <testcase classname="Amazon_pacakge.Amazon_project.Test_15_addtocartwithoutlogin" name="addtocartnologin" time="9.076"/>
</testsuite> <!-- Test -->
