<?xml version="1.0" encoding="UTF-8"?>
<!-- Generated by org.testng.reporters.JUnitXMLReporter -->
<testsuite ignored="0" hostname="DESKTOP-N8BIK59" failures="0" tests="8" name="Test" time="207.585" errors="0" timestamp="2025-06-25T15:43:51 IST">
  <testcase classname="Amazon_pacakge.Amazon_project.Test_1_Createnewuser" name="loginsuccesful" time="11.027"/>
  <testcase classname="Amazon_pacakge.Amazon_project.Test_2_Loginwithvaliddetails" name="sucsessfulloginwithrightdetails" time="8.052"/>
  <testcase classname="Amazon_pacakge.Amazon_project.Test_4_Execution_Editprofile" name="editprofile" time="16.539"/>
  <testcase classname="Amazon_pacakge.Amazon_project.Test_5_Execution_searchingproduct" name="addtocart" time="13.327"/>
  <testcase classname="Amazon_pacakge.Amazon_project.Tase_9_Addtocart" name="addtocart" time="18.925"/>
  <testcase classname="Amazon_pacakge.Amazon_project.Test_10_Updatequantity" name="addtocart" time="21.611"/>
  <testcase classname="Amazon_pacakge.Amazon_project.Test_11_addpayment" name="addpayment" time="22.268"/>
  <testcase classname="Amazon_pacakge.Amazon_project.Test_15_addtocartwithoutlogin" name="addtocartnologin" time="9.756"/>
</testsuite> <!-- Test -->
